<?xml version="1.0" encoding="UTF-8"?>
<!-- Generated by org.testng.reporters.JUnitReportReporter -->
<testsuite hostname="DV6-HP" name="testcases.FacebookLoginTest" tests="2" failures="0" timestamp="14 Oct 2018 16:18:43 GMT" time="122.911" errors="0">
  <testcase name="postedonProfileTest" time="56.334" classname="testcases.FacebookLoginTest"/>
  <testcase name="postMessageTest" time="66.577" classname="testcases.FacebookLoginTest"/>
</testsuite> <!-- testcases.FacebookLoginTest -->
